2016-11-07 8
2016-11-17 605
2016-11-17 659
2016-11-19 812
2016-11-23 1185
2016-11-26 1354
2016-12-01 1710
2016-12-01 1716
2016-12-01 1716
2016-12-13 2913
2016-12-21 3403
2016-12-25 3628
2016-12-27 3786
2016-12-31 4069
2017-01-10 5154
2017-01-11 5370
2017-01-12 5530
2017-01-13 5618
2017-01-15 5853
2017-01-16 6134
2017-01-18 6351
2017-01-21 6600
2017-01-25 6959
2017-01-31 7502 
2017-02-03 7846
2017-02-04 7995
2017-02-05 8235
2017-02-08 8567
2017-02-12 9272
2017-02-15 9672
2017-02-19 9939
2017-02-20 10119
2017-03-02 11056
2017-03-08 11858
2017-03-13 12323
2017-03-15 12514
2017-03-21 12930
2017-03-28 13512
2017-04-14 14978
2017-04-25 16213
2017-04-29 16833
2017-05-01 17276
2017-05-03 17572
2017-05-05 17938
2017-05-07 18198
2017-05-27 20847
2017-06-07 22365
2017-06-24 24266
